<?xml version="1.0" encoding="UTF-8"?>
<testsuite xmlns:xsi="http://www.w3.org/2001/XMLSchema-instance" xsi:noNamespaceSchemaLocation="https://maven.apache.org/surefire/maven-surefire-plugin/xsd/surefire-test-report.xsd" name="it.uniroma2.dicii.isw2.jcs.paramTests.JCSRemovalSimpleConcurrentTest" time="5.588" tests="12" errors="0" skipped="0" failures="0">
  <properties>
    <property name="java.specification.version" value="15"/>
    <property name="sun.jnu.encoding" value="UTF-8"/>
    <property name="java.class.path" value="/Users/chiacchius/Desktop/jcs/target/test-classes:/Users/chiacchius/Desktop/jcs/target/classes:/Users/chiacchius/.m2/repository/org/apache/jcs/jcs/1.3/jcs-1.3.jar:/Users/chiacchius/.m2/repository/commons-logging/commons-logging/1.1/commons-logging-1.1.jar:/Users/chiacchius/.m2/repository/log4j/log4j/1.2.12/log4j-1.2.12.jar:/Users/chiacchius/.m2/repository/logkit/logkit/1.0.1/logkit-1.0.1.jar:/Users/chiacchius/.m2/repository/avalon-framework/avalon-framework/4.1.3/avalon-framework-4.1.3.jar:/Users/chiacchius/.m2/repository/javax/servlet/servlet-api/2.3/servlet-api-2.3.jar:/Users/chiacchius/.m2/repository/concurrent/concurrent/1.0/concurrent-1.0.jar:/Users/chiacchius/.m2/repository/junit/junit/4.10/junit-4.10.jar:/Users/chiacchius/.m2/repository/org/hamcrest/hamcrest-core/1.1/hamcrest-core-1.1.jar:"/>
    <property name="java.vm.vendor" value="Oracle Corporation"/>
    <property name="sun.arch.data.model" value="64"/>
    <property name="java.vendor.url" value="https://java.oracle.com/"/>
    <property name="os.name" value="Mac OS X"/>
    <property name="java.vm.specification.version" value="15"/>
    <property name="sun.java.launcher" value="SUN_STANDARD"/>
    <property name="user.country" value="IT"/>
    <property name="sun.boot.library.path" value="/Library/Java/JavaVirtualMachines/jdk-15.0.1.jdk/Contents/Home/lib"/>
    <property name="sun.java.command" value="/Users/chiacchius/Desktop/jcs/target/surefire/surefirebooter1293815626071275851.jar /Users/chiacchius/Desktop/jcs/target/surefire 2021-07-13T10-37-42_953-jvmRun1 surefire1334838901798778539tmp surefire_07925046795666877971tmp"/>
    <property name="http.nonProxyHosts" value="local|*.local|169.254/16|*.169.254/16"/>
    <property name="jdk.debug" value="release"/>
    <property name="surefire.test.class.path" value="/Users/chiacchius/Desktop/jcs/target/test-classes:/Users/chiacchius/Desktop/jcs/target/classes:/Users/chiacchius/.m2/repository/org/apache/jcs/jcs/1.3/jcs-1.3.jar:/Users/chiacchius/.m2/repository/commons-logging/commons-logging/1.1/commons-logging-1.1.jar:/Users/chiacchius/.m2/repository/log4j/log4j/1.2.12/log4j-1.2.12.jar:/Users/chiacchius/.m2/repository/logkit/logkit/1.0.1/logkit-1.0.1.jar:/Users/chiacchius/.m2/repository/avalon-framework/avalon-framework/4.1.3/avalon-framework-4.1.3.jar:/Users/chiacchius/.m2/repository/javax/servlet/servlet-api/2.3/servlet-api-2.3.jar:/Users/chiacchius/.m2/repository/concurrent/concurrent/1.0/concurrent-1.0.jar:/Users/chiacchius/.m2/repository/junit/junit/4.10/junit-4.10.jar:/Users/chiacchius/.m2/repository/org/hamcrest/hamcrest-core/1.1/hamcrest-core-1.1.jar:"/>
    <property name="sun.cpu.endian" value="little"/>
    <property name="user.home" value="/Users/chiacchius"/>
    <property name="user.language" value="it"/>
    <property name="java.specification.vendor" value="Oracle Corporation"/>
    <property name="java.version.date" value="2020-10-20"/>
    <property name="java.home" value="/Library/Java/JavaVirtualMachines/jdk-15.0.1.jdk/Contents/Home"/>
    <property name="file.separator" value="/"/>
    <property name="basedir" value="/Users/chiacchius/Desktop/jcs"/>
    <property name="java.vm.compressedOopsMode" value="Zero based"/>
    <property name="line.separator" value="&#10;"/>
    <property name="java.specification.name" value="Java Platform API Specification"/>
    <property name="java.vm.specification.vendor" value="Oracle Corporation"/>
    <property name="surefire.real.class.path" value="/Users/chiacchius/Desktop/jcs/target/surefire/surefirebooter1293815626071275851.jar"/>
    <property name="sun.management.compiler" value="HotSpot 64-Bit Tiered Compilers"/>
    <property name="ftp.nonProxyHosts" value="local|*.local|169.254/16|*.169.254/16"/>
    <property name="java.runtime.version" value="15.0.1+9-18"/>
    <property name="user.name" value="chiacchius"/>
    <property name="path.separator" value=":"/>
    <property name="os.version" value="10.16"/>
    <property name="java.runtime.name" value="Java(TM) SE Runtime Environment"/>
    <property name="file.encoding" value="UTF-8"/>
    <property name="java.vm.name" value="Java HotSpot(TM) 64-Bit Server VM"/>
    <property name="localRepository" value="/Users/chiacchius/.m2/repository"/>
    <property name="java.vendor.url.bug" value="https://bugreport.java.com/bugreport/"/>
    <property name="java.io.tmpdir" value="/var/folders/n6/h9r2gzm96lzgg_nshr0qh00h0000gp/T/"/>
    <property name="java.version" value="15.0.1"/>
    <property name="user.dir" value="/Users/chiacchius/Desktop/jcs"/>
    <property name="os.arch" value="x86_64"/>
    <property name="java.vm.specification.name" value="Java Virtual Machine Specification"/>
    <property name="java.library.path" value="/Users/chiacchius/Library/Java/Extensions:/Library/Java/Extensions:/Network/Library/Java/Extensions:/System/Library/Java/Extensions:/usr/lib/java:."/>
    <property name="java.vm.info" value="mixed mode, sharing"/>
    <property name="java.vendor" value="Oracle Corporation"/>
    <property name="java.vm.version" value="15.0.1+9-18"/>
    <property name="sun.io.unicode.encoding" value="UnicodeBig"/>
    <property name="socksNonProxyHosts" value="local|*.local|169.254/16|*.169.254/16"/>
    <property name="java.class.version" value="59.0"/>
  </properties>
  <testcase name="testTwoDeepRemoval[0]" classname="it.uniroma2.dicii.isw2.jcs.paramTests.JCSRemovalSimpleConcurrentTest" time="1.83"/>
  <testcase name="testSingleDepthRemoval[0]" classname="it.uniroma2.dicii.isw2.jcs.paramTests.JCSRemovalSimpleConcurrentTest" time="1.522"/>
  <testcase name="testClear[0]" classname="it.uniroma2.dicii.isw2.jcs.paramTests.JCSRemovalSimpleConcurrentTest" time="1.028"/>
  <testcase name="testClearRepeatedlyWithoutError[0]" classname="it.uniroma2.dicii.isw2.jcs.paramTests.JCSRemovalSimpleConcurrentTest" time="1.052"/>
  <testcase name="testTwoDeepRemoval[1]" classname="it.uniroma2.dicii.isw2.jcs.paramTests.JCSRemovalSimpleConcurrentTest" time="0.001"/>
  <testcase name="testSingleDepthRemoval[1]" classname="it.uniroma2.dicii.isw2.jcs.paramTests.JCSRemovalSimpleConcurrentTest" time="0.001"/>
  <testcase name="testClear[1]" classname="it.uniroma2.dicii.isw2.jcs.paramTests.JCSRemovalSimpleConcurrentTest" time="0.001"/>
  <testcase name="testClearRepeatedlyWithoutError[1]" classname="it.uniroma2.dicii.isw2.jcs.paramTests.JCSRemovalSimpleConcurrentTest" time="0.001"/>
  <testcase name="testTwoDeepRemoval[2]" classname="it.uniroma2.dicii.isw2.jcs.paramTests.JCSRemovalSimpleConcurrentTest" time="0.007"/>
  <testcase name="testSingleDepthRemoval[2]" classname="it.uniroma2.dicii.isw2.jcs.paramTests.JCSRemovalSimpleConcurrentTest" time="0.001"/>
  <testcase name="testClear[2]" classname="it.uniroma2.dicii.isw2.jcs.paramTests.JCSRemovalSimpleConcurrentTest" time="0.001"/>
  <testcase name="testClearRepeatedlyWithoutError[2]" classname="it.uniroma2.dicii.isw2.jcs.paramTests.JCSRemovalSimpleConcurrentTest" time="0.001"/>
</testsuite>